TN:
SF:/Users/ens/pwd/uxcore/uxcore-calendar/src/index.js
FNF:0
FNH:0
DA:11,1
LF:1
LH:1
BRF:0
BRH:0
end_of_record
TN:
SF:/Users/ens/pwd/uxcore/uxcore-calendar/src/Calendar.jsx
FN:3,(anonymous_1)
FN:5,_defaults
FN:7,_defineProperty
FN:9,_classCallCheck
FN:11,_possibleConstructorReturn
FN:13,_inherits
FN:40,(anonymous_7)
FN:43,Calendar
FN:54,componentWillMount
FN:60,getTriggerNode
FN:64,getGregorianCalendarDate
FN:80,clearValue
FN:85,saveRef
FN:87,(anonymous_14)
FN:92,handleChange
FN:104,render
FN:171,(anonymous_17)
FN:205,onSelect
FNF:18
FNH:15
FNDA:10,(anonymous_1)
FNDA:1,_defaults
FNDA:30,_defineProperty
FNDA:10,_classCallCheck
FNDA:10,_possibleConstructorReturn
FNDA:1,_inherits
FNDA:1,(anonymous_7)
FNDA:10,Calendar
FNDA:10,componentWillMount
FNDA:0,getTriggerNode
FNDA:15,getGregorianCalendarDate
FNDA:0,clearValue
FNDA:17,saveRef
FNDA:24,(anonymous_14)
FNDA:1,handleChange
FNDA:10,render
FNDA:17,(anonymous_17)
FNDA:0,onSelect
DA:3,101
DA:5,5
DA:7,30
DA:9,10
DA:11,10
DA:13,1
DA:15,1
DA:16,1
DA:17,1
DA:18,1
DA:19,1
DA:20,1
DA:22,1
DA:23,1
DA:24,1
DA:25,1
DA:27,1
DA:28,1
DA:29,1
DA:31,1
DA:32,1
DA:33,1
DA:34,1
DA:35,1
DA:36,1
DA:38,1
DA:40,1
DA:41,1
DA:43,1
DA:44,10
DA:46,10
DA:48,10
DA:49,10
DA:50,10
DA:51,10
DA:54,1
DA:55,10
DA:57,10
DA:60,1
DA:61,0
DA:64,1
DA:65,15
DA:66,15
DA:70,15
DA:71,0
DA:73,15
DA:75,15
DA:76,15
DA:77,15
DA:80,1
DA:81,0
DA:82,0
DA:85,1
DA:86,17
DA:87,17
DA:88,24
DA:92,1
DA:93,1
DA:94,1
DA:95,1
DA:96,1
DA:97,1
DA:98,1
DA:100,0
DA:104,1
DA:105,10
DA:108,10
DA:109,10
DA:110,10
DA:111,10
DA:112,10
DA:128,10
DA:139,10
DA:140,4
DA:141,4
DA:143,6
DA:146,10
DA:147,1
DA:148,1
DA:149,1
DA:151,9
DA:152,9
DA:154,10
DA:155,10
DA:158,10
DA:160,10
DA:161,10
DA:162,0
DA:165,10
DA:172,17
DA:174,17
DA:175,17
DA:176,17
DA:177,7
DA:179,10
DA:181,17
DA:198,1
DA:201,1
DA:202,1
DA:217,1
DA:229,1
DA:230,1
DA:231,1
DA:232,1
DA:234,1
LF:105
LH:99
BRDA:3,1,0,1
BRDA:3,1,1,1
BRDA:3,2,0,101
BRDA:3,2,1,0
BRDA:5,3,0,0
BRDA:5,3,1,5
BRDA:5,4,0,5
BRDA:5,4,1,5
BRDA:5,4,2,0
BRDA:7,5,0,0
BRDA:7,5,1,30
BRDA:9,6,0,0
BRDA:9,6,1,10
BRDA:11,7,0,0
BRDA:11,7,1,10
BRDA:11,8,0,0
BRDA:11,8,1,10
BRDA:11,9,0,10
BRDA:11,9,1,0
BRDA:11,9,2,0
BRDA:13,10,0,0
BRDA:13,10,1,1
BRDA:13,11,0,1
BRDA:13,11,1,0
BRDA:13,12,0,1
BRDA:13,12,1,1
BRDA:13,13,0,1
BRDA:13,13,1,0
BRDA:13,14,0,0
BRDA:13,14,1,1
BRDA:70,15,0,0
BRDA:70,15,1,15
BRDA:95,16,0,1
BRDA:95,16,1,0
BRDA:122,17,0,10
BRDA:122,17,1,10
BRDA:122,18,0,0
BRDA:122,18,1,10
BRDA:136,19,0,10
BRDA:136,19,1,10
BRDA:139,20,0,4
BRDA:139,20,1,6
BRDA:146,21,0,1
BRDA:146,21,1,9
BRDA:154,22,0,10
BRDA:154,22,1,0
BRDA:161,23,0,0
BRDA:161,23,1,10
BRDA:174,24,0,17
BRDA:174,24,1,7
BRDA:176,25,0,7
BRDA:176,25,1,10
BRDA:191,26,0,17
BRDA:191,26,1,0
BRDA:191,27,0,7
BRDA:191,27,1,10
BRDA:192,28,0,7
BRDA:192,28,1,10
BRF:58
BRH:39
end_of_record
TN:
SF:/Users/ens/pwd/uxcore/uxcore-calendar/src/RcCalendar.jsx
FN:7,(anonymous_1)
FN:47,_interopRequireDefault
FN:49,noop
FN:118,getDefaultProps
FN:126,getInitialState
FN:131,onKeyDown
FN:190,onClear
FN:194,onOk
FN:201,onDateInputChange
FN:206,onDateTableSelect
FN:209,getRootDOMNode
FN:212,openTimePicker
FN:217,closeTimePicker
FN:222,chooseToday
FN:229,render
FNF:15
FNH:6
FNDA:0,(anonymous_1)
FNDA:8,_interopRequireDefault
FNDA:0,noop
FNDA:1,getDefaultProps
FNDA:10,getInitialState
FNDA:1,onKeyDown
FNDA:0,onClear
FNDA:0,onOk
FNDA:0,onDateInputChange
FNDA:0,onDateTableSelect
FNDA:0,getRootDOMNode
FNDA:0,openTimePicker
FNDA:0,closeTimePicker
FNDA:1,chooseToday
FNDA:11,render
DA:3,1
DA:7,1
DA:13,1
DA:15,1
DA:17,1
DA:19,1
DA:21,1
DA:23,1
DA:25,1
DA:27,1
DA:29,1
DA:31,1
DA:33,1
DA:35,1
DA:37,1
DA:39,1
DA:41,1
DA:43,1
DA:45,1
DA:47,8
DA:49,1
DA:87,1
DA:119,1
DA:127,10
DA:132,1
DA:133,0
DA:135,1
DA:138,1
DA:186,1
DA:187,1
DA:191,0
DA:192,0
DA:195,0
DA:197,0
DA:198,0
DA:202,0
DA:207,0
DA:210,0
DA:213,0
DA:218,0
DA:223,1
DA:224,1
DA:225,1
DA:230,11
DA:231,11
DA:240,11
DA:241,11
DA:245,11
DA:247,11
DA:258,11
DA:273,11
DA:331,11
DA:338,1
DA:339,1
LF:54
LH:43
BRDA:7,1,0,1
BRDA:7,1,1,1
BRDA:7,2,0,0
BRDA:7,2,1,0
BRDA:47,3,0,0
BRDA:47,3,1,8
BRDA:47,4,0,8
BRDA:47,4,1,8
BRDA:132,5,0,0
BRDA:132,5,1,1
BRDA:138,6,0,1
BRDA:197,7,0,0
BRDA:197,7,1,0
BRDA:245,8,0,0
BRDA:245,8,1,11
BRDA:245,9,0,11
BRDA:245,9,1,0
BRDA:247,10,0,0
BRDA:247,10,1,11
BRDA:247,11,0,11
BRDA:247,11,1,0
BRDA:248,12,0,0
BRDA:248,12,1,0
BRDA:250,13,0,0
BRDA:250,13,1,0
BRDA:258,14,0,11
BRDA:258,14,1,0
BRDA:286,15,0,0
BRDA:286,15,1,11
BRDA:286,16,0,11
BRDA:286,16,1,0
BRDA:333,17,0,0
BRDA:333,17,1,11
BRF:33
BRH:15
end_of_record
TN:
SF:/Users/ens/pwd/uxcore/uxcore-calendar/src/date/DateTable.js
FN:19,_interopRequireDefault
FN:21,_defaults
FN:23,_classCallCheck
FN:25,_possibleConstructorReturn
FN:27,_inherits
FN:29,(anonymous_6)
FN:32,DateTable
FN:38,render
FNF:8
FNH:8
FNDA:3,_interopRequireDefault
FNDA:1,_defaults
FNDA:10,_classCallCheck
FNDA:10,_possibleConstructorReturn
FNDA:1,_inherits
FNDA:1,(anonymous_6)
FNDA:10,DateTable
FNDA:11,render
DA:3,1
DA:7,1
DA:9,1
DA:11,1
DA:13,1
DA:15,1
DA:17,1
DA:19,3
DA:21,5
DA:23,10
DA:25,10
DA:27,1
DA:29,1
DA:30,1
DA:32,1
DA:33,10
DA:35,10
DA:38,1
DA:39,11
DA:40,11
DA:41,11
DA:49,1
DA:52,1
DA:53,1
LF:24
LH:24
BRDA:19,1,0,0
BRDA:19,1,1,3
BRDA:19,2,0,3
BRDA:19,2,1,3
BRDA:21,3,0,0
BRDA:21,3,1,5
BRDA:21,4,0,5
BRDA:21,4,1,5
BRDA:21,4,2,0
BRDA:23,5,0,0
BRDA:23,5,1,10
BRDA:25,6,0,0
BRDA:25,6,1,10
BRDA:25,7,0,0
BRDA:25,7,1,10
BRDA:25,8,0,10
BRDA:25,8,1,0
BRDA:25,8,2,0
BRDA:27,9,0,0
BRDA:27,9,1,1
BRDA:27,10,0,1
BRDA:27,10,1,0
BRDA:27,11,0,1
BRDA:27,11,1,1
BRDA:27,12,0,1
BRDA:27,12,1,0
BRDA:27,13,0,0
BRDA:27,13,1,1
BRF:28
BRH:16
end_of_record
TN:
SF:/Users/ens/pwd/uxcore/uxcore-calendar/src/date/DateTHead.js
FN:19,_interopRequireDefault
FN:21,_defaults
FN:23,_defineProperty
FN:25,_classCallCheck
FN:27,_possibleConstructorReturn
FN:29,_inherits
FN:31,(anonymous_7)
FN:34,DateTHead
FN:40,render
FN:70,(anonymous_10)
FNF:10
FNH:10
FNDA:3,_interopRequireDefault
FNDA:1,_defaults
FNDA:154,_defineProperty
FNDA:10,_classCallCheck
FNDA:10,_possibleConstructorReturn
FNDA:1,_inherits
FNDA:1,(anonymous_7)
FNDA:10,DateTHead
FNDA:11,render
FNDA:77,(anonymous_10)
DA:3,1
DA:7,1
DA:9,1
DA:11,1
DA:13,1
DA:15,1
DA:17,1
DA:19,3
DA:21,5
DA:23,154
DA:25,10
DA:27,10
DA:29,1
DA:31,1
DA:32,1
DA:34,1
DA:35,10
DA:37,10
DA:40,1
DA:41,11
DA:42,11
DA:43,11
DA:44,11
DA:45,11
DA:46,11
DA:47,11
DA:48,11
DA:50,11
DA:51,77
DA:52,77
DA:53,77
DA:56,11
DA:57,0
DA:70,11
DA:71,77
DA:73,77
DA:74,77
DA:89,11
DA:101,1
DA:104,1
DA:105,1
LF:41
LH:40
BRDA:19,1,0,0
BRDA:19,1,1,3
BRDA:19,2,0,3
BRDA:19,2,1,3
BRDA:21,3,0,0
BRDA:21,3,1,5
BRDA:21,4,0,5
BRDA:21,4,1,5
BRDA:21,4,2,0
BRDA:23,5,0,0
BRDA:23,5,1,154
BRDA:25,6,0,0
BRDA:25,6,1,10
BRDA:27,7,0,0
BRDA:27,7,1,10
BRDA:27,8,0,0
BRDA:27,8,1,10
BRDA:27,9,0,10
BRDA:27,9,1,0
BRDA:27,9,2,0
BRDA:29,10,0,0
BRDA:29,10,1,1
BRDA:29,11,0,1
BRDA:29,11,1,0
BRDA:29,12,0,1
BRDA:29,12,1,1
BRDA:29,13,0,1
BRDA:29,13,1,0
BRDA:29,14,0,0
BRDA:29,14,1,1
BRDA:56,15,0,0
BRDA:56,15,1,11
BRDA:73,16,0,77
BRDA:73,16,1,66
BRF:34
BRH:20
end_of_record
TN:
SF:/Users/ens/pwd/uxcore/uxcore-calendar/src/date/DateConstants.js
FNF:0
FNH:0
DA:3,1
DA:6,1
DA:10,1
LF:3
LH:3
BRF:0
BRH:0
end_of_record
TN:
SF:/Users/ens/pwd/uxcore/uxcore-calendar/src/date/DateTBody.js
FN:21,_interopRequireDefault
FN:23,_defineProperty
FN:25,isSameDay
FN:29,beforeCurrentMonthYear
FN:36,afterCurrentMonthYear
FN:43,getIdFromDate
FN:47,noop
FN:49,handleDayClick
FN:53,handleCellMouseEnter
FN:70,getDefaultProps
FN:75,render
FNF:11
FNH:8
FNDA:3,_interopRequireDefault
FNDA:924,_defineProperty
FNDA:924,isSameDay
FNDA:462,beforeCurrentMonthYear
FNDA:462,afterCurrentMonthYear
FNDA:462,getIdFromDate
FNDA:0,noop
FNDA:0,handleDayClick
FNDA:0,handleCellMouseEnter
FNDA:1,getDefaultProps
FNDA:11,render
DA:3,1
DA:7,1
DA:9,1
DA:11,1
DA:13,1
DA:15,1
DA:17,1
DA:19,1
DA:21,3
DA:23,924
DA:25,1
DA:26,924
DA:29,1
DA:30,462
DA:31,8
DA:33,454
DA:36,1
DA:37,462
DA:38,54
DA:40,408
DA:43,1
DA:44,462
DA:47,1
DA:49,1
DA:50,0
DA:53,1
DA:54,0
DA:57,1
DA:71,1
DA:76,11
DA:77,11
DA:85,11
DA:86,11
DA:87,11
DA:88,11
DA:89,11
DA:90,11
DA:91,11
DA:92,11
DA:93,11
DA:94,11
DA:95,11
DA:96,11
DA:97,11
DA:98,11
DA:99,11
DA:100,11
DA:101,11
DA:102,11
DA:103,11
DA:104,11
DA:105,11
DA:107,11
DA:108,11
DA:109,11
DA:110,11
DA:111,66
DA:112,462
DA:113,462
DA:114,451
DA:115,451
DA:117,462
DA:118,462
DA:121,11
DA:122,11
DA:123,11
DA:124,66
DA:125,66
DA:126,66
DA:127,0
DA:137,66
DA:138,462
DA:139,462
DA:140,462
DA:141,462
DA:142,396
DA:144,462
DA:145,396
DA:147,462
DA:148,462
DA:149,462
DA:151,462
DA:152,7
DA:155,462
DA:156,462
DA:158,462
DA:159,5
DA:161,462
DA:162,41
DA:164,462
DA:165,80
DA:168,462
DA:169,84
DA:170,52
DA:172,52
DA:173,8
DA:176,52
DA:177,8
DA:182,462
DA:183,5
DA:186,462
DA:187,52
DA:190,462
DA:191,462
DA:192,0
DA:194,462
DA:196,462
DA:197,462
DA:198,462
DA:210,462
DA:222,462
DA:224,66
DA:234,11
DA:242,1
DA:243,1
LF:115
LH:111
BRDA:21,1,0,0
BRDA:21,1,1,3
BRDA:21,2,0,3
BRDA:21,2,1,3
BRDA:23,3,0,0
BRDA:23,3,1,924
BRDA:26,4,0,924
BRDA:26,4,1,924
BRDA:26,4,2,672
BRDA:30,5,0,8
BRDA:30,5,1,454
BRDA:33,6,0,454
BRDA:33,6,1,400
BRDA:37,7,0,54
BRDA:37,7,1,408
BRDA:40,8,0,408
BRDA:40,8,1,400
BRDA:113,9,0,451
BRDA:113,9,1,11
BRDA:126,10,0,0
BRDA:126,10,1,66
BRDA:141,11,0,396
BRDA:141,11,1,66
BRDA:144,12,0,396
BRDA:144,12,1,66
BRDA:151,13,0,7
BRDA:151,13,1,455
BRDA:158,14,0,5
BRDA:158,14,1,457
BRDA:161,15,0,41
BRDA:161,15,1,421
BRDA:164,16,0,80
BRDA:164,16,1,382
BRDA:168,17,0,84
BRDA:168,17,1,378
BRDA:169,18,0,52
BRDA:169,18,1,32
BRDA:172,19,0,8
BRDA:172,19,1,44
BRDA:172,20,0,52
BRDA:172,20,1,46
BRDA:176,21,0,8
BRDA:176,21,1,44
BRDA:176,22,0,52
BRDA:176,22,1,44
BRDA:182,23,0,5
BRDA:182,23,1,457
BRDA:186,24,0,52
BRDA:186,24,1,410
BRDA:191,25,0,0
BRDA:191,25,1,462
BRDA:196,26,0,84
BRDA:196,26,1,378
BRDA:202,27,0,462
BRDA:202,27,1,396
BRDA:214,28,0,52
BRDA:214,28,1,410
BRDA:215,29,0,52
BRDA:215,29,1,410
BRF:59
BRH:55
end_of_record
TN:
SF:/Users/ens/pwd/uxcore/uxcore-calendar/src/util.jsx
FN:12,generateContentRender
FN:14,contentRender
FN:66,getCalendarContainer
FNF:3
FNH:3
FNDA:1,generateContentRender
FNDA:84,contentRender
FNDA:5,getCalendarContainer
DA:3,1
DA:4,1
DA:5,1
DA:6,1
DA:7,1
DA:12,1
DA:13,1
DA:14,1
DA:16,84
DA:17,84
DA:18,84
DA:19,84
DA:20,6
DA:21,78
DA:22,78
DA:24,84
DA:25,84
DA:26,84
DA:27,84
DA:28,84
DA:29,84
DA:42,84
DA:43,2
DA:46,84
DA:47,4
DA:58,80
DA:66,1
DA:67,5
DA:68,5
DA:69,5
DA:70,5
DA:73,1
LF:32
LH:32
BRDA:13,1,0,1
BRDA:13,1,1,0
BRDA:13,2,0,1
BRDA:13,2,1,1
BRDA:19,3,0,6
BRDA:19,3,1,78
BRDA:21,4,0,78
BRDA:21,4,1,0
BRDA:42,5,0,2
BRDA:42,5,1,82
BRDA:46,6,0,4
BRDA:46,6,1,80
BRDA:46,7,0,84
BRDA:46,7,1,82
BRDA:49,8,0,2
BRDA:49,8,1,2
BRF:16
BRH:14
end_of_record
TN:
SF:/Users/ens/pwd/uxcore/uxcore-calendar/src/locale.js
FNF:0
FNH:0
DA:3,1
DA:18,1
DA:19,1
DA:21,1
LF:4
LH:4
BRF:0
BRH:0
end_of_record
TN:
SF:/Users/ens/pwd/uxcore/uxcore-calendar/src/MonthCalendar.jsx
FN:3,(anonymous_1)
FN:5,_defaults
FN:7,_classCallCheck
FN:9,_possibleConstructorReturn
FN:11,_inherits
FN:33,(anonymous_6)
FN:36,MonthCalendar
FN:47,getTriggerNode
FN:51,getGregorianCalendarDate
FN:67,clearValue
FN:72,saveRef
FN:74,(anonymous_12)
FN:79,handleChange
FN:91,render
FN:144,(anonymous_15)
FN:172,onSelect
FNF:16
FNH:12
FNDA:3,(anonymous_1)
FNDA:1,_defaults
FNDA:3,_classCallCheck
FNDA:3,_possibleConstructorReturn
FNDA:1,_inherits
FNDA:1,(anonymous_6)
FNDA:3,MonthCalendar
FNDA:0,getTriggerNode
FNDA:4,getGregorianCalendarDate
FNDA:0,clearValue
FNDA:3,saveRef
FNDA:3,(anonymous_12)
FNDA:0,handleChange
FNDA:3,render
FNDA:3,(anonymous_15)
FNDA:0,onSelect
DA:3,25
DA:5,5
DA:7,3
DA:9,3
DA:11,1
DA:13,1
DA:14,1
DA:15,1
DA:16,1
DA:17,1
DA:18,1
DA:20,1
DA:21,1
DA:22,1
DA:23,1
DA:26,1
DA:27,1
DA:28,1
DA:29,1
DA:30,1
DA:31,1
DA:33,1
DA:34,1
DA:36,1
DA:37,3
DA:39,3
DA:41,3
DA:42,3
DA:43,3
DA:44,3
DA:47,1
DA:48,0
DA:51,1
DA:52,4
DA:53,4
DA:57,4
DA:58,0
DA:60,4
DA:62,4
DA:63,4
DA:64,4
DA:67,1
DA:68,0
DA:69,0
DA:72,1
DA:73,3
DA:74,3
DA:75,3
DA:79,1
DA:80,0
DA:81,0
DA:82,0
DA:83,0
DA:84,0
DA:85,0
DA:87,0
DA:91,1
DA:92,3
DA:94,3
DA:95,3
DA:96,3
DA:97,3
DA:105,3
DA:115,3
DA:116,1
DA:117,1
DA:119,2
DA:122,3
DA:123,1
DA:124,1
DA:125,1
DA:127,2
DA:128,2
DA:131,3
DA:133,3
DA:134,3
DA:135,0
DA:138,3
DA:145,3
DA:147,3
DA:148,3
DA:165,1
DA:168,1
DA:169,1
DA:182,1
DA:191,1
LF:86
LH:74
BRDA:3,1,0,1
BRDA:3,1,1,1
BRDA:3,2,0,25
BRDA:3,2,1,0
BRDA:5,3,0,0
BRDA:5,3,1,5
BRDA:5,4,0,5
BRDA:5,4,1,5
BRDA:5,4,2,0
BRDA:7,5,0,0
BRDA:7,5,1,3
BRDA:9,6,0,0
BRDA:9,6,1,3
BRDA:9,7,0,0
BRDA:9,7,1,3
BRDA:9,8,0,3
BRDA:9,8,1,0
BRDA:9,8,2,0
BRDA:11,9,0,0
BRDA:11,9,1,1
BRDA:11,10,0,1
BRDA:11,10,1,0
BRDA:11,11,0,1
BRDA:11,11,1,1
BRDA:11,12,0,1
BRDA:11,12,1,0
BRDA:11,13,0,0
BRDA:11,13,1,1
BRDA:57,14,0,0
BRDA:57,14,1,4
BRDA:82,15,0,0
BRDA:82,15,1,0
BRDA:112,16,0,3
BRDA:112,16,1,3
BRDA:115,17,0,1
BRDA:115,17,1,2
BRDA:122,18,0,1
BRDA:122,18,1,2
BRDA:134,19,0,0
BRDA:134,19,1,3
BRDA:147,20,0,3
BRDA:147,20,1,2
BRDA:152,21,0,3
BRDA:152,21,1,2
BRDA:158,22,0,3
BRDA:158,22,1,0
BRDA:158,23,0,2
BRDA:158,23,1,1
BRDA:159,24,0,2
BRDA:159,24,1,1
BRF:50
BRH:33
end_of_record
TN:
SF:/Users/ens/pwd/uxcore/uxcore-calendar/src/YearCalendar.jsx
FN:3,(anonymous_1)
FN:5,_defaults
FN:7,_classCallCheck
FN:9,_possibleConstructorReturn
FN:11,_inherits
FN:33,(anonymous_6)
FN:36,YearCalendar
FN:47,getTriggerNode
FN:51,getGregorianCalendarDate
FN:67,clearValue
FN:72,saveRef
FN:74,(anonymous_12)
FN:79,handleChange
FN:91,render
FN:144,(anonymous_15)
FN:172,onSelect
FNF:16
FNH:12
FNDA:3,(anonymous_1)
FNDA:1,_defaults
FNDA:3,_classCallCheck
FNDA:3,_possibleConstructorReturn
FNDA:1,_inherits
FNDA:1,(anonymous_6)
FNDA:3,YearCalendar
FNDA:0,getTriggerNode
FNDA:4,getGregorianCalendarDate
FNDA:0,clearValue
FNDA:3,saveRef
FNDA:3,(anonymous_12)
FNDA:0,handleChange
FNDA:3,render
FNDA:3,(anonymous_15)
FNDA:0,onSelect
DA:3,25
DA:5,5
DA:7,3
DA:9,3
DA:11,1
DA:13,1
DA:14,1
DA:15,1
DA:16,1
DA:17,1
DA:18,1
DA:20,1
DA:21,1
DA:22,1
DA:24,1
DA:25,1
DA:26,1
DA:27,1
DA:28,1
DA:29,1
DA:31,1
DA:33,1
DA:34,1
DA:36,1
DA:37,3
DA:39,3
DA:41,3
DA:42,3
DA:43,3
DA:44,3
DA:47,1
DA:48,0
DA:51,1
DA:52,4
DA:53,4
DA:57,4
DA:58,0
DA:60,4
DA:62,4
DA:63,4
DA:64,4
DA:67,1
DA:68,0
DA:69,0
DA:72,1
DA:73,3
DA:74,3
DA:75,3
DA:79,1
DA:80,0
DA:81,0
DA:82,0
DA:83,0
DA:84,0
DA:85,0
DA:87,0
DA:91,1
DA:92,3
DA:94,3
DA:95,3
DA:96,3
DA:97,3
DA:105,3
DA:115,3
DA:116,1
DA:117,1
DA:119,2
DA:122,3
DA:123,1
DA:124,1
DA:125,1
DA:127,2
DA:128,2
DA:131,3
DA:133,3
DA:134,3
DA:135,0
DA:138,3
DA:145,3
DA:147,3
DA:148,3
DA:165,1
DA:168,1
DA:169,1
DA:182,1
DA:191,1
LF:86
LH:74
BRDA:3,1,0,1
BRDA:3,1,1,1
BRDA:3,2,0,25
BRDA:3,2,1,0
BRDA:5,3,0,0
BRDA:5,3,1,5
BRDA:5,4,0,5
BRDA:5,4,1,5
BRDA:5,4,2,0
BRDA:7,5,0,0
BRDA:7,5,1,3
BRDA:9,6,0,0
BRDA:9,6,1,3
BRDA:9,7,0,0
BRDA:9,7,1,3
BRDA:9,8,0,3
BRDA:9,8,1,0
BRDA:9,8,2,0
BRDA:11,9,0,0
BRDA:11,9,1,1
BRDA:11,10,0,1
BRDA:11,10,1,0
BRDA:11,11,0,1
BRDA:11,11,1,1
BRDA:11,12,0,1
BRDA:11,12,1,0
BRDA:11,13,0,0
BRDA:11,13,1,1
BRDA:57,14,0,0
BRDA:57,14,1,4
BRDA:82,15,0,0
BRDA:82,15,1,0
BRDA:112,16,0,3
BRDA:112,16,1,3
BRDA:115,17,0,1
BRDA:115,17,1,2
BRDA:122,18,0,1
BRDA:122,18,1,2
BRDA:134,19,0,0
BRDA:134,19,1,3
BRDA:147,20,0,3
BRDA:147,20,1,2
BRDA:152,21,0,3
BRDA:152,21,1,2
BRDA:158,22,0,3
BRDA:158,22,1,0
BRDA:158,23,0,2
BRDA:158,23,1,1
BRDA:159,24,0,2
BRDA:159,24,1,1
BRF:50
BRH:33
end_of_record
TN:
SF:/Users/ens/pwd/uxcore/uxcore-calendar/src/RcYearCalendar.jsx
FN:23,_interopRequireDefault
FN:30,onKeyDown
FN:73,render
FNF:3
FNH:1
FNDA:4,_interopRequireDefault
FNDA:0,onKeyDown
FNDA:0,render
DA:3,1
DA:7,1
DA:9,1
DA:11,1
DA:13,1
DA:15,1
DA:17,1
DA:19,1
DA:21,1
DA:23,4
DA:25,1
DA:74,0
DA:75,0
DA:83,0
DA:91,1
DA:92,1
LF:16
LH:13
BRDA:23,1,0,0
BRDA:23,1,1,4
BRDA:23,2,0,4
BRDA:23,2,1,4
BRF:4
BRH:3
end_of_record
