TN:
SF:/Users/ens/pwd/uxcore/uxcore-calendar/src/index.js
FN:27,_interopRequireDefault
FNF:1
FNH:1
FNDA:5,_interopRequireDefault
DA:3,1
DA:7,1
DA:9,1
DA:11,1
DA:13,1
DA:15,1
DA:17,1
DA:19,1
DA:21,1
DA:23,1
DA:25,1
DA:27,5
DA:29,1
DA:37,1
DA:38,1
DA:39,1
DA:41,1
DA:42,1
LF:18
LH:18
BRDA:27,1,0,0
BRDA:27,1,1,5
BRDA:27,2,0,5
BRDA:27,2,1,5
BRF:4
BRH:3
end_of_record
TN:
SF:/Users/ens/pwd/uxcore/uxcore-calendar/src/MonthCalendar.jsx
FN:7,(anonymous_1)
FN:41,_interopRequireDefault
FN:43,_defaults
FN:45,_defineProperty
FN:47,_classCallCheck
FN:49,_possibleConstructorReturn
FN:51,_inherits
FN:61,(anonymous_8)
FN:64,MonthCalendar
FN:75,getTriggerNode
FN:79,getDate
FN:92,clearValue
FN:97,saveRef
FN:99,(anonymous_14)
FN:104,handleChange
FN:114,render
FN:169,(anonymous_17)
FN:207,onSelect
FNF:18
FNH:14
FNDA:3,(anonymous_1)
FNDA:8,_interopRequireDefault
FNDA:1,_defaults
FNDA:9,_defineProperty
FNDA:3,_classCallCheck
FNDA:3,_possibleConstructorReturn
FNDA:1,_inherits
FNDA:1,(anonymous_8)
FNDA:3,MonthCalendar
FNDA:0,getTriggerNode
FNDA:4,getDate
FNDA:0,clearValue
FNDA:3,saveRef
FNDA:3,(anonymous_14)
FNDA:0,handleChange
FNDA:3,render
FNDA:3,(anonymous_17)
FNDA:0,onSelect
DA:3,1
DA:7,25
DA:9,1
DA:11,1
DA:13,1
DA:15,1
DA:17,1
DA:19,1
DA:21,1
DA:23,1
DA:25,1
DA:27,1
DA:29,1
DA:31,1
DA:33,1
DA:35,1
DA:37,1
DA:39,1
DA:41,8
DA:43,5
DA:45,9
DA:47,3
DA:49,3
DA:51,1
DA:53,1
DA:54,1
DA:58,1
DA:59,1
DA:61,1
DA:62,1
DA:64,1
DA:65,3
DA:67,3
DA:69,3
DA:70,3
DA:71,3
DA:72,3
DA:75,1
DA:76,0
DA:79,1
DA:80,4
DA:81,4
DA:85,4
DA:86,4
DA:87,0
DA:89,4
DA:92,1
DA:93,0
DA:94,0
DA:97,1
DA:98,3
DA:99,3
DA:100,3
DA:104,1
DA:105,0
DA:106,0
DA:107,0
DA:108,0
DA:110,0
DA:114,1
DA:115,3
DA:117,3
DA:118,3
DA:119,3
DA:127,3
DA:137,3
DA:138,1
DA:139,1
DA:141,2
DA:144,3
DA:145,1
DA:146,1
DA:147,1
DA:149,2
DA:150,2
DA:153,3
DA:155,3
DA:156,3
DA:157,0
DA:160,3
DA:162,3
DA:163,3
DA:170,3
DA:172,3
DA:173,3
DA:174,3
DA:175,2
DA:177,1
DA:179,3
DA:199,1
DA:202,1
DA:203,1
DA:217,1
DA:227,1
DA:228,1
LF:95
LH:85
BRDA:7,1,0,1
BRDA:7,1,1,1
BRDA:7,2,0,25
BRDA:7,2,1,0
BRDA:41,3,0,0
BRDA:41,3,1,8
BRDA:41,4,0,8
BRDA:41,4,1,8
BRDA:43,5,0,0
BRDA:43,5,1,5
BRDA:43,6,0,5
BRDA:43,6,1,5
BRDA:43,6,2,0
BRDA:45,7,0,0
BRDA:45,7,1,9
BRDA:47,8,0,0
BRDA:47,8,1,3
BRDA:49,9,0,0
BRDA:49,9,1,3
BRDA:49,10,0,0
BRDA:49,10,1,3
BRDA:49,11,0,3
BRDA:49,11,1,0
BRDA:49,11,2,0
BRDA:51,12,0,0
BRDA:51,12,1,1
BRDA:51,13,0,1
BRDA:51,13,1,0
BRDA:51,14,0,1
BRDA:51,14,1,1
BRDA:51,15,0,1
BRDA:51,15,1,0
BRDA:51,16,0,0
BRDA:51,16,1,1
BRDA:86,17,0,0
BRDA:86,17,1,4
BRDA:106,18,0,0
BRDA:106,18,1,0
BRDA:134,19,0,3
BRDA:134,19,1,3
BRDA:137,20,0,1
BRDA:137,20,1,2
BRDA:144,21,0,1
BRDA:144,21,1,2
BRDA:156,22,0,0
BRDA:156,22,1,3
BRDA:172,23,0,3
BRDA:172,23,1,0
BRDA:172,24,0,3
BRDA:172,24,1,2
BRDA:174,25,0,2
BRDA:174,25,1,1
BRDA:189,26,0,3
BRDA:189,26,1,0
BRDA:189,27,0,2
BRDA:189,27,1,1
BRDA:190,28,0,2
BRDA:190,28,1,1
BRF:58
BRH:38
end_of_record
TN:
SF:/Users/ens/pwd/uxcore/uxcore-calendar/src/util.jsx
FN:27,_interopRequireDefault
FN:32,generateContentRender
FN:34,contentRender
FN:86,getCalendarContainer
FN:96,generalizeFormat
FN:97,(anonymous_6)
FNF:6
FNH:6
FNDA:5,_interopRequireDefault
FNDA:1,generateContentRender
FNDA:84,contentRender
FNDA:4,getCalendarContainer
FNDA:20,generalizeFormat
FNDA:12,(anonymous_6)
DA:3,1
DA:7,1
DA:9,1
DA:11,1
DA:13,1
DA:15,1
DA:17,1
DA:19,1
DA:21,1
DA:23,1
DA:25,1
DA:27,5
DA:32,1
DA:33,1
DA:34,1
DA:36,84
DA:37,84
DA:38,84
DA:39,84
DA:40,6
DA:41,78
DA:42,78
DA:44,84
DA:45,84
DA:46,84
DA:47,84
DA:48,84
DA:49,84
DA:62,84
DA:63,2
DA:66,84
DA:67,4
DA:78,80
DA:86,1
DA:87,4
DA:88,4
DA:89,4
DA:90,4
DA:96,1
DA:97,20
DA:98,12
DA:102,1
DA:107,1
LF:43
LH:43
BRDA:27,1,0,0
BRDA:27,1,1,5
BRDA:27,2,0,5
BRDA:27,2,1,5
BRDA:33,3,0,1
BRDA:33,3,1,0
BRDA:33,4,0,1
BRDA:33,4,1,1
BRDA:39,5,0,6
BRDA:39,5,1,78
BRDA:41,6,0,78
BRDA:41,6,1,0
BRDA:62,7,0,2
BRDA:62,7,1,82
BRDA:66,8,0,4
BRDA:66,8,1,80
BRDA:66,9,0,84
BRDA:66,9,1,82
BRDA:69,10,0,2
BRDA:69,10,1,2
BRF:20
BRH:17
end_of_record
TN:
SF:/Users/ens/pwd/uxcore/uxcore-calendar/src/locale.js
FNF:0
FNH:0
DA:3,1
DA:6,1
DA:27,1
DA:28,1
DA:30,1
DA:31,1
LF:6
LH:6
BRF:0
BRH:0
end_of_record
TN:
SF:/Users/ens/pwd/uxcore/uxcore-calendar/src/YearCalendar.jsx
FN:7,(anonymous_1)
FN:41,_interopRequireDefault
FN:43,_defaults
FN:45,_defineProperty
FN:47,_classCallCheck
FN:49,_possibleConstructorReturn
FN:51,_inherits
FN:61,(anonymous_8)
FN:64,YearCalendar
FN:75,getTriggerNode
FN:79,getDate
FN:92,clearValue
FN:97,saveRef
FN:99,(anonymous_14)
FN:104,handleChange
FN:114,render
FN:170,(anonymous_17)
FN:205,onSelect
FNF:18
FNH:14
FNDA:3,(anonymous_1)
FNDA:8,_interopRequireDefault
FNDA:1,_defaults
FNDA:9,_defineProperty
FNDA:3,_classCallCheck
FNDA:3,_possibleConstructorReturn
FNDA:1,_inherits
FNDA:1,(anonymous_8)
FNDA:3,YearCalendar
FNDA:0,getTriggerNode
FNDA:4,getDate
FNDA:0,clearValue
FNDA:3,saveRef
FNDA:3,(anonymous_14)
FNDA:0,handleChange
FNDA:3,render
FNDA:3,(anonymous_17)
FNDA:0,onSelect
DA:3,1
DA:7,25
DA:9,1
DA:11,1
DA:13,1
DA:15,1
DA:17,1
DA:19,1
DA:21,1
DA:23,1
DA:25,1
DA:27,1
DA:29,1
DA:31,1
DA:33,1
DA:35,1
DA:37,1
DA:39,1
DA:41,8
DA:43,5
DA:45,9
DA:47,3
DA:49,3
DA:51,1
DA:53,1
DA:55,1
DA:56,1
DA:58,1
DA:61,1
DA:62,1
DA:64,1
DA:65,3
DA:67,3
DA:69,3
DA:70,3
DA:71,3
DA:72,3
DA:75,1
DA:76,0
DA:79,1
DA:80,4
DA:81,4
DA:85,4
DA:86,4
DA:87,0
DA:89,4
DA:92,1
DA:93,0
DA:94,0
DA:97,1
DA:98,3
DA:99,3
DA:100,3
DA:104,1
DA:105,0
DA:106,0
DA:107,0
DA:108,0
DA:110,0
DA:114,1
DA:115,3
DA:117,3
DA:118,3
DA:119,3
DA:127,3
DA:137,3
DA:138,1
DA:139,1
DA:141,2
DA:144,3
DA:145,1
DA:146,1
DA:147,1
DA:149,2
DA:150,2
DA:153,3
DA:155,3
DA:156,3
DA:157,0
DA:160,3
DA:162,3
DA:164,3
DA:171,3
DA:173,3
DA:174,3
DA:175,3
DA:176,0
DA:178,3
DA:198,1
DA:201,1
DA:202,1
DA:216,1
DA:226,1
DA:227,1
LF:94
LH:83
BRDA:7,1,0,1
BRDA:7,1,1,1
BRDA:7,2,0,25
BRDA:7,2,1,0
BRDA:41,3,0,0
BRDA:41,3,1,8
BRDA:41,4,0,8
BRDA:41,4,1,8
BRDA:43,5,0,0
BRDA:43,5,1,5
BRDA:43,6,0,5
BRDA:43,6,1,5
BRDA:43,6,2,0
BRDA:45,7,0,0
BRDA:45,7,1,9
BRDA:47,8,0,0
BRDA:47,8,1,3
BRDA:49,9,0,0
BRDA:49,9,1,3
BRDA:49,10,0,0
BRDA:49,10,1,3
BRDA:49,11,0,3
BRDA:49,11,1,0
BRDA:49,11,2,0
BRDA:51,12,0,0
BRDA:51,12,1,1
BRDA:51,13,0,1
BRDA:51,13,1,0
BRDA:51,14,0,1
BRDA:51,14,1,1
BRDA:51,15,0,1
BRDA:51,15,1,0
BRDA:51,16,0,0
BRDA:51,16,1,1
BRDA:86,17,0,0
BRDA:86,17,1,4
BRDA:106,18,0,0
BRDA:106,18,1,0
BRDA:134,19,0,3
BRDA:134,19,1,3
BRDA:137,20,0,1
BRDA:137,20,1,2
BRDA:144,21,0,1
BRDA:144,21,1,2
BRDA:156,22,0,0
BRDA:156,22,1,3
BRDA:173,23,0,3
BRDA:173,23,1,0
BRDA:173,24,0,3
BRDA:173,24,1,2
BRDA:175,25,0,0
BRDA:175,25,1,3
BRDA:182,26,0,3
BRDA:182,26,1,2
BRDA:188,27,0,3
BRDA:188,27,1,0
BRDA:188,28,0,2
BRDA:188,28,1,1
BRDA:189,29,0,2
BRDA:189,29,1,1
BRF:60
BRH:39
end_of_record
TN:
SF:/Users/ens/pwd/uxcore/uxcore-calendar/src/RcYearCalendar.jsx
FN:27,_interopRequireDefault
FN:32,onKeyDown
FN:75,render
FNF:3
FNH:1
FNDA:5,_interopRequireDefault
FNDA:0,onKeyDown
FNDA:0,render
DA:3,1
DA:7,1
DA:9,1
DA:11,1
DA:13,1
DA:15,1
DA:17,1
DA:19,1
DA:21,1
DA:23,1
DA:25,1
DA:27,5
DA:29,1
DA:76,0
DA:77,0
DA:85,0
DA:93,1
DA:94,1
LF:18
LH:15
BRDA:27,1,0,0
BRDA:27,1,1,5
BRDA:27,2,0,5
BRDA:27,2,1,5
BRF:4
BRH:3
end_of_record
TN:
SF:/Users/ens/pwd/uxcore/uxcore-calendar/src/YearPanel.jsx
FN:23,_interopRequireDefault
FN:25,_defaults
FN:27,_defineProperty
FN:29,_classCallCheck
FN:31,_possibleConstructorReturn
FN:33,_inherits
FN:38,goYear
FN:46,chooseYear
FN:53,(anonymous_9)
FN:56,YearPanel
FN:67,(anonymous_11)
FN:73,onDecadePanelSelect
FN:80,years
FN:111,showDecadePanel
FN:117,render
FN:129,(anonymous_16)
FN:130,(anonymous_17)
FN:261,onSelect
FNF:18
FNH:4
FNDA:4,_interopRequireDefault
FNDA:1,_defaults
FNDA:0,_defineProperty
FNDA:0,_classCallCheck
FNDA:0,_possibleConstructorReturn
FNDA:1,_inherits
FNDA:0,goYear
FNDA:0,chooseYear
FNDA:1,(anonymous_9)
FNDA:0,YearPanel
FNDA:0,(anonymous_11)
FNDA:0,onDecadePanelSelect
FNDA:0,years
FNDA:0,showDecadePanel
FNDA:0,render
FNDA:0,(anonymous_16)
FNDA:0,(anonymous_17)
FNDA:0,onSelect
DA:3,1
DA:7,1
DA:9,1
DA:11,1
DA:13,1
DA:15,1
DA:17,1
DA:19,1
DA:21,1
DA:23,4
DA:25,5
DA:27,1
DA:29,1
DA:31,1
DA:33,1
DA:35,1
DA:36,1
DA:38,1
DA:39,0
DA:40,0
DA:41,0
DA:46,1
DA:47,0
DA:48,0
DA:49,0
DA:50,0
DA:53,1
DA:54,1
DA:56,1
DA:57,0
DA:59,0
DA:61,0
DA:62,0
DA:65,0
DA:66,0
DA:67,0
DA:68,0
DA:70,0
DA:73,1
DA:74,0
DA:80,1
DA:81,0
DA:82,0
DA:83,0
DA:84,0
DA:85,0
DA:86,0
DA:87,0
DA:88,0
DA:89,0
DA:90,0
DA:91,0
DA:92,0
DA:93,0
DA:94,0
DA:95,0
DA:96,0
DA:98,0
DA:100,0
DA:105,0
DA:108,0
DA:111,1
DA:112,0
DA:117,1
DA:118,0
DA:120,0
DA:121,0
DA:122,0
DA:123,0
DA:124,0
DA:125,0
DA:126,0
DA:127,0
DA:129,0
DA:130,0
DA:131,0
DA:133,0
DA:134,0
DA:135,0
DA:136,0
DA:137,0
DA:140,0
DA:141,0
DA:142,0
DA:143,0
DA:144,0
DA:145,0
DA:147,0
DA:149,0
DA:167,0
DA:174,0
DA:175,0
DA:176,0
DA:184,0
DA:248,1
DA:251,1
DA:254,1
DA:260,1
DA:263,1
LF:99
LH:31
BRDA:23,1,0,0
BRDA:23,1,1,4
BRDA:23,2,0,4
BRDA:23,2,1,4
BRDA:25,3,0,0
BRDA:25,3,1,5
BRDA:25,4,0,5
BRDA:25,4,1,5
BRDA:25,4,2,0
BRDA:27,5,0,0
BRDA:27,5,1,0
BRDA:29,6,0,0
BRDA:29,6,1,0
BRDA:31,7,0,0
BRDA:31,7,1,0
BRDA:31,8,0,0
BRDA:31,8,1,0
BRDA:31,9,0,0
BRDA:31,9,1,0
BRDA:31,9,2,0
BRDA:33,10,0,0
BRDA:33,10,1,1
BRDA:33,11,0,1
BRDA:33,11,1,0
BRDA:33,12,0,1
BRDA:33,12,1,1
BRDA:33,13,0,1
BRDA:33,13,1,0
BRDA:33,14,0,0
BRDA:33,14,1,1
BRDA:63,15,0,0
BRDA:63,15,1,0
BRDA:93,16,0,0
BRDA:93,16,1,0
BRDA:95,17,0,0
BRDA:95,17,1,0
BRDA:134,18,0,0
BRDA:134,18,1,0
BRDA:142,19,0,0
BRDA:142,19,1,0
BRDA:144,20,0,0
BRDA:144,20,1,0
BRDA:175,21,0,0
BRDA:175,21,1,0
BRF:44
BRH:12
end_of_record
TN:
SF:/Users/ens/pwd/uxcore/uxcore-calendar/src/Calendar.jsx
FN:7,(anonymous_1)
FN:49,_interopRequireDefault
FN:51,_defaults
FN:53,_defineProperty
FN:55,_classCallCheck
FN:57,_possibleConstructorReturn
FN:59,_inherits
FN:72,(anonymous_8)
FN:75,Calendar
FN:86,componentWillMount
FN:92,getTriggerNode
FN:96,getDate
FN:109,getFormat
FN:146,clearValue
FN:151,saveRef
FN:153,(anonymous_16)
FN:158,handleChange
FN:167,render
FN:177,contentRender
FN:186,disabledDate
FN:194,disabledTime
FN:260,(anonymous_22)
FN:296,onSelect
FNF:23
FNH:18
FNDA:11,(anonymous_1)
FNDA:10,_interopRequireDefault
FNDA:1,_defaults
FNDA:54,_defineProperty
FNDA:9,_classCallCheck
FNDA:9,_possibleConstructorReturn
FNDA:1,_inherits
FNDA:1,(anonymous_8)
FNDA:9,Calendar
FNDA:9,componentWillMount
FNDA:0,getTriggerNode
FNDA:13,getDate
FNDA:16,getFormat
FNDA:0,clearValue
FNDA:14,saveRef
FNDA:19,(anonymous_16)
FNDA:0,handleChange
FNDA:9,render
FNDA:336,contentRender
FNDA:426,disabledDate
FNDA:0,disabledTime
FNDA:14,(anonymous_22)
FNDA:0,onSelect
DA:3,1
DA:7,148
DA:9,1
DA:11,1
DA:13,1
DA:15,1
DA:17,1
DA:19,1
DA:21,1
DA:23,1
DA:25,1
DA:27,1
DA:29,1
DA:31,1
DA:33,1
DA:35,1
DA:37,1
DA:39,1
DA:41,1
DA:43,1
DA:45,1
DA:47,1
DA:49,10
DA:51,5
DA:53,54
DA:55,9
DA:57,9
DA:59,1
DA:61,1
DA:63,1
DA:64,1
DA:66,1
DA:67,1
DA:69,1
DA:72,1
DA:73,1
DA:75,1
DA:76,9
DA:78,9
DA:80,9
DA:81,9
DA:82,9
DA:83,9
DA:86,1
DA:87,9
DA:89,9
DA:92,1
DA:93,0
DA:96,1
DA:97,13
DA:98,13
DA:102,13
DA:103,13
DA:104,0
DA:106,13
DA:109,1
DA:110,16
DA:116,16
DA:117,14
DA:134,14
DA:135,14
DA:136,14
DA:137,0
DA:138,0
DA:140,0
DA:143,14
DA:146,1
DA:147,0
DA:148,0
DA:151,1
DA:152,14
DA:153,14
DA:154,19
DA:158,1
DA:159,0
DA:160,0
DA:161,0
DA:163,0
DA:167,1
DA:168,9
DA:171,9
DA:172,9
DA:173,9
DA:174,9
DA:178,336
DA:179,84
DA:180,84
DA:181,84
DA:182,84
DA:184,252
DA:187,426
DA:188,174
DA:189,174
DA:190,174
DA:192,252
DA:195,0
DA:196,0
DA:197,0
DA:198,0
DA:200,0
DA:214,9
DA:225,9
DA:226,4
DA:227,4
DA:229,5
DA:231,9
DA:232,1
DA:233,1
DA:234,1
DA:236,8
DA:237,8
DA:239,9
DA:240,9
DA:243,9
DA:245,9
DA:246,9
DA:247,0
DA:250,9
DA:252,9
DA:254,9
DA:261,14
DA:263,14
DA:264,14
DA:265,14
DA:266,7
DA:268,7
DA:270,14
DA:290,1
DA:293,1
DA:294,1
DA:309,1
DA:324,1
DA:325,1
DA:327,1
DA:328,1
LF:135
LH:118
BRDA:7,1,0,1
BRDA:7,1,1,1
BRDA:7,2,0,148
BRDA:7,2,1,0
BRDA:49,3,0,0
BRDA:49,3,1,10
BRDA:49,4,0,10
BRDA:49,4,1,10
BRDA:51,5,0,0
BRDA:51,5,1,5
BRDA:51,6,0,5
BRDA:51,6,1,5
BRDA:51,6,2,0
BRDA:53,7,0,0
BRDA:53,7,1,54
BRDA:55,8,0,0
BRDA:55,8,1,9
BRDA:57,9,0,0
BRDA:57,9,1,9
BRDA:57,10,0,0
BRDA:57,10,1,9
BRDA:57,11,0,9
BRDA:57,11,1,0
BRDA:57,11,2,0
BRDA:59,12,0,0
BRDA:59,12,1,1
BRDA:59,13,0,1
BRDA:59,13,1,0
BRDA:59,14,0,1
BRDA:59,14,1,1
BRDA:59,15,0,1
BRDA:59,15,1,0
BRDA:59,16,0,0
BRDA:59,16,1,1
BRDA:103,17,0,0
BRDA:103,17,1,13
BRDA:116,18,0,2
BRDA:116,18,1,14
BRDA:134,19,0,14
BRDA:134,19,1,0
BRDA:134,19,2,0
BRDA:136,20,0,0
BRDA:136,20,1,14
BRDA:137,21,0,0
BRDA:137,21,1,0
BRDA:159,22,0,0
BRDA:159,22,1,0
BRDA:178,23,0,84
BRDA:178,23,1,252
BRDA:187,24,0,174
BRDA:187,24,1,252
BRDA:187,25,0,426
BRDA:187,25,1,174
BRDA:195,26,0,0
BRDA:195,26,1,0
BRDA:195,27,0,0
BRDA:195,27,1,0
BRDA:207,28,0,9
BRDA:207,28,1,9
BRDA:207,29,0,0
BRDA:207,29,1,9
BRDA:222,30,0,9
BRDA:222,30,1,9
BRDA:225,31,0,4
BRDA:225,31,1,5
BRDA:231,32,0,1
BRDA:231,32,1,8
BRDA:239,33,0,9
BRDA:239,33,1,0
BRDA:246,34,0,0
BRDA:246,34,1,9
BRDA:263,35,0,14
BRDA:263,35,1,0
BRDA:263,36,0,14
BRDA:263,36,1,7
BRDA:265,37,0,7
BRDA:265,37,1,7
BRDA:280,38,0,14
BRDA:280,38,1,0
BRDA:280,39,0,7
BRDA:280,39,1,7
BRDA:281,40,0,7
BRDA:281,40,1,7
BRF:83
BRH:52
end_of_record
TN:
SF:/Users/ens/pwd/uxcore/uxcore-calendar/src/timePicker/Normal.jsx
FN:7,(anonymous_1)
FN:21,_interopRequireDefault
FN:23,Normal
FNF:3
FNH:1
FNDA:0,(anonymous_1)
FNDA:3,_interopRequireDefault
FNDA:0,Normal
DA:3,1
DA:7,1
DA:9,1
DA:11,1
DA:13,1
DA:15,1
DA:17,1
DA:19,1
DA:21,3
DA:23,1
DA:24,0
DA:28,0
DA:29,0
DA:43,1
DA:49,1
DA:50,1
LF:16
LH:13
BRDA:7,1,0,1
BRDA:7,1,1,1
BRDA:7,2,0,0
BRDA:7,2,1,0
BRDA:21,3,0,0
BRDA:21,3,1,3
BRDA:21,4,0,3
BRDA:21,4,1,3
BRDA:28,5,0,0
BRDA:28,5,1,0
BRDA:28,6,0,0
BRDA:28,6,1,0
BRDA:37,7,0,0
BRDA:37,7,1,0
BRF:14
BRH:5
end_of_record
TN:
SF:/Users/ens/pwd/uxcore/uxcore-calendar/src/RcCalendar.jsx
FN:7,(anonymous_1)
FN:51,_interopRequireDefault
FN:53,noop
FN:55,goStartMonth
FN:61,goEndMonth
FN:67,goTime
FN:73,goMonth
FN:77,goYear
FN:81,goWeek
FN:85,goDay
FN:120,getDefaultProps
FN:128,getInitialState
FN:133,onKeyDown
FN:192,onClear
FN:196,onOk
FN:203,onDateInputChange
FN:208,onDateTableSelect
FN:211,onHeaderSelect
FN:217,onToday
FN:225,getRootDOMNode
FN:229,openTimePicker
FN:234,closeTimePicker
FN:239,render
FN:271,ref
FNF:24
FNH:6
FNDA:0,(anonymous_1)
FNDA:10,_interopRequireDefault
FNDA:0,noop
FNDA:0,goStartMonth
FNDA:0,goEndMonth
FNDA:0,goTime
FNDA:0,goMonth
FNDA:0,goYear
FNDA:0,goWeek
FNDA:0,goDay
FNDA:1,getDefaultProps
FNDA:8,getInitialState
FNDA:1,onKeyDown
FNDA:0,onClear
FNDA:0,onOk
FNDA:0,onDateInputChange
FNDA:0,onDateTableSelect
FNDA:0,onHeaderSelect
FNDA:0,onToday
FNDA:0,getRootDOMNode
FNDA:0,openTimePicker
FNDA:0,closeTimePicker
FNDA:8,render
FNDA:8,ref
DA:3,1
DA:7,1
DA:9,1
DA:11,1
DA:13,1
DA:15,1
DA:17,1
DA:19,1
DA:21,1
DA:23,1
DA:25,1
DA:27,1
DA:29,1
DA:31,1
DA:33,1
DA:35,1
DA:37,1
DA:39,1
DA:41,1
DA:43,1
DA:45,1
DA:47,1
DA:49,1
DA:51,10
DA:53,1
DA:55,1
DA:56,0
DA:57,0
DA:58,0
DA:61,1
DA:62,0
DA:63,0
DA:64,0
DA:67,1
DA:68,0
DA:69,0
DA:70,0
DA:73,1
DA:74,0
DA:77,1
DA:78,0
DA:81,1
DA:82,0
DA:85,1
DA:86,0
DA:89,1
DA:121,1
DA:129,8
DA:134,1
DA:135,0
DA:137,1
DA:139,1
DA:140,1
DA:142,0
DA:143,0
DA:144,0
DA:146,0
DA:147,0
DA:148,0
DA:150,0
DA:151,0
DA:153,0
DA:155,0
DA:156,0
DA:158,0
DA:159,0
DA:161,0
DA:163,0
DA:164,0
DA:166,0
DA:167,0
DA:168,0
DA:170,0
DA:171,0
DA:172,0
DA:174,0
DA:175,0
DA:176,0
DA:178,0
DA:179,0
DA:180,0
DA:182,0
DA:185,0
DA:186,0
DA:188,1
DA:189,1
DA:193,0
DA:194,0
DA:197,0
DA:199,0
DA:204,0
DA:209,0
DA:215,0
DA:218,0
DA:220,0
DA:221,0
DA:227,0
DA:230,0
DA:235,0
DA:240,8
DA:242,8
DA:243,8
DA:252,8
DA:253,8
DA:257,8
DA:259,8
DA:270,8
DA:272,8
DA:287,8
DA:339,8
DA:346,1
DA:347,1
LF:112
LH:54
BRDA:7,1,0,1
BRDA:7,1,1,1
BRDA:7,2,0,0
BRDA:7,2,1,0
BRDA:51,3,0,0
BRDA:51,3,1,10
BRDA:51,4,0,10
BRDA:51,4,1,10
BRDA:134,5,0,0
BRDA:134,5,1,1
BRDA:139,6,0,1
BRDA:139,6,1,1
BRDA:140,7,0,0
BRDA:140,7,1,0
BRDA:140,7,2,0
BRDA:140,7,3,0
BRDA:140,7,4,0
BRDA:140,7,5,0
BRDA:140,7,6,0
BRDA:140,7,7,0
BRDA:140,7,8,0
BRDA:140,7,9,1
BRDA:150,8,0,0
BRDA:150,8,1,0
BRDA:158,9,0,0
BRDA:158,9,1,0
BRDA:257,10,0,0
BRDA:257,10,1,8
BRDA:257,11,0,8
BRDA:257,11,1,8
BRDA:257,11,2,8
BRDA:259,12,0,0
BRDA:259,12,1,8
BRDA:259,13,0,8
BRDA:259,13,1,0
BRDA:270,14,0,8
BRDA:270,14,1,0
BRDA:322,15,0,0
BRDA:322,15,1,8
BRDA:322,16,0,8
BRDA:322,16,1,0
BRDA:332,17,0,0
BRDA:332,17,1,8
BRDA:332,18,0,8
BRDA:332,18,1,0
BRDA:341,19,0,0
BRDA:341,19,1,8
BRF:47
BRH:21
end_of_record
TN:
SF:/Users/ens/pwd/uxcore/uxcore-calendar/src/CalendarFooter.jsx
FN:19,_interopRequireDefault
FN:21,CalendarFooter
FN:40,onOk
FNF:3
FNH:1
FNDA:3,_interopRequireDefault
FNDA:0,CalendarFooter
FNDA:0,onOk
DA:3,1
DA:7,1
DA:9,1
DA:11,1
DA:13,1
DA:15,1
DA:17,1
DA:19,3
DA:21,1
DA:22,0
DA:33,1
DA:39,1
DA:43,1
DA:44,1
LF:14
LH:13
BRDA:19,1,0,0
BRDA:19,1,1,3
BRDA:19,2,0,3
BRDA:19,2,1,3
BRF:4
BRH:3
end_of_record
TN:
SF:/Users/ens/pwd/uxcore/uxcore-calendar/src/CalendarHeader.jsx
FN:39,_interopRequireDefault
FN:41,_defineProperty
FN:46,goMonth
FN:52,goYear
FN:71,getDefaultProps
FN:79,getInitialState
FN:86,onSelect
FN:93,onYearChange
FN:101,onMonthChange
FN:109,getSelectContainer
FN:112,monthYearElement
FN:145,getPopupContainer
FN:177,getPopupContainer
FN:199,showIf
FN:202,showMonthPanel
FN:208,showYearPanel
FN:214,render
FN:245,ref
FNF:18
FNH:8
FNDA:8,_interopRequireDefault
FNDA:16,_defineProperty
FNDA:0,goMonth
FNDA:0,goYear
FNDA:1,getDefaultProps
FNDA:8,getInitialState
FNDA:0,onSelect
FNDA:0,onYearChange
FNDA:0,onMonthChange
FNDA:0,getSelectContainer
FNDA:8,monthYearElement
FNDA:0,getPopupContainer
FNDA:0,getPopupContainer
FNDA:32,showIf
FNDA:0,showMonthPanel
FNDA:0,showYearPanel
FNDA:8,render
FNDA:8,ref
DA:3,1
DA:7,1
DA:9,1
DA:11,1
DA:13,1
DA:15,1
DA:17,1
DA:19,1
DA:21,1
DA:23,1
DA:25,1
DA:27,1
DA:29,1
DA:31,1
DA:33,1
DA:35,1
DA:37,1
DA:39,8
DA:41,16
DA:43,1
DA:46,1
DA:47,0
DA:48,0
DA:49,0
DA:52,1
DA:53,0
DA:54,0
DA:55,0
DA:58,1
DA:72,1
DA:80,8
DA:81,8
DA:82,8
DA:83,8
DA:84,8
DA:87,0
DA:91,0
DA:94,0
DA:95,0
DA:96,0
DA:97,0
DA:98,0
DA:102,0
DA:103,0
DA:104,0
DA:105,0
DA:106,0
DA:110,0
DA:113,8
DA:115,8
DA:116,8
DA:117,8
DA:118,8
DA:119,8
DA:120,8
DA:121,8
DA:122,8
DA:123,8
DA:124,8
DA:125,8
DA:126,8
DA:127,8
DA:129,8
DA:130,800
DA:136,8
DA:146,0
DA:155,8
DA:156,96
DA:157,96
DA:158,96
DA:159,96
DA:168,8
DA:178,0
DA:187,8
DA:188,8
DA:189,2
DA:191,6
DA:193,8
DA:200,32
DA:203,0
DA:209,0
DA:215,8
DA:217,8
DA:218,8
DA:225,8
DA:226,8
DA:227,8
DA:228,0
DA:229,8
DA:230,0
DA:232,8
DA:233,8
DA:234,0
DA:241,8
DA:246,8
DA:281,1
DA:282,1
LF:97
LH:71
BRDA:39,1,0,0
BRDA:39,1,1,8
BRDA:39,2,0,8
BRDA:39,2,1,8
BRDA:41,3,0,0
BRDA:41,3,1,16
BRDA:97,4,0,0
BRDA:97,4,1,0
BRDA:105,5,0,0
BRDA:105,5,1,0
BRDA:120,6,0,2
BRDA:120,6,1,6
BRDA:127,7,0,6
BRDA:127,7,1,2
BRDA:188,8,0,2
BRDA:188,8,1,6
BRDA:200,9,0,32
BRDA:200,9,1,0
BRDA:227,10,0,0
BRDA:227,10,1,8
BRDA:229,11,0,0
BRDA:229,11,1,8
BRDA:233,12,0,0
BRDA:233,12,1,8
BRF:24
BRH:14
end_of_record
TN:
SF:/Users/ens/pwd/uxcore/uxcore-calendar/src/date/DateTable.jsx
FN:19,_interopRequireDefault
FN:21,_defaults
FN:23,_classCallCheck
FN:25,_possibleConstructorReturn
FN:27,_inherits
FN:29,(anonymous_6)
FN:32,DateTable
FN:38,render
FNF:8
FNH:8
FNDA:3,_interopRequireDefault
FNDA:1,_defaults
FNDA:8,_classCallCheck
FNDA:8,_possibleConstructorReturn
FNDA:1,_inherits
FNDA:1,(anonymous_6)
FNDA:8,DateTable
FNDA:8,render
DA:3,1
DA:7,1
DA:9,1
DA:11,1
DA:13,1
DA:15,1
DA:17,1
DA:19,3
DA:21,5
DA:23,8
DA:25,8
DA:27,1
DA:29,1
DA:30,1
DA:32,1
DA:33,8
DA:35,8
DA:38,1
DA:39,8
DA:40,8
DA:41,8
DA:49,1
DA:52,1
DA:53,1
LF:24
LH:24
BRDA:19,1,0,0
BRDA:19,1,1,3
BRDA:19,2,0,3
BRDA:19,2,1,3
BRDA:21,3,0,0
BRDA:21,3,1,5
BRDA:21,4,0,5
BRDA:21,4,1,5
BRDA:21,4,2,0
BRDA:23,5,0,0
BRDA:23,5,1,8
BRDA:25,6,0,0
BRDA:25,6,1,8
BRDA:25,7,0,0
BRDA:25,7,1,8
BRDA:25,8,0,8
BRDA:25,8,1,0
BRDA:25,8,2,0
BRDA:27,9,0,0
BRDA:27,9,1,1
BRDA:27,10,0,1
BRDA:27,10,1,0
BRDA:27,11,0,1
BRDA:27,11,1,1
BRDA:27,12,0,1
BRDA:27,12,1,0
BRDA:27,13,0,0
BRDA:27,13,1,1
BRF:28
BRH:16
end_of_record
TN:
SF:/Users/ens/pwd/uxcore/uxcore-calendar/src/date/DateTHead.jsx
FN:23,_interopRequireDefault
FN:25,_defaults
FN:27,_classCallCheck
FN:29,_possibleConstructorReturn
FN:31,_inherits
FN:33,(anonymous_6)
FN:36,DateTHead
FN:42,render
FN:77,(anonymous_9)
FNF:9
FNH:9
FNDA:4,_interopRequireDefault
FNDA:1,_defaults
FNDA:8,_classCallCheck
FNDA:8,_possibleConstructorReturn
FNDA:1,_inherits
FNDA:1,(anonymous_6)
FNDA:8,DateTHead
FNDA:8,render
FNDA:56,(anonymous_9)
DA:3,1
DA:7,1
DA:9,1
DA:11,1
DA:13,1
DA:15,1
DA:17,1
DA:19,1
DA:21,1
DA:23,4
DA:25,5
DA:27,8
DA:29,8
DA:31,1
DA:33,1
DA:34,1
DA:36,1
DA:37,8
DA:39,8
DA:42,1
DA:43,8
DA:44,8
DA:45,8
DA:46,8
DA:47,8
DA:48,8
DA:49,8
DA:50,8
DA:51,8
DA:52,8
DA:53,8
DA:54,56
DA:55,56
DA:56,56
DA:57,16
DA:59,56
DA:60,56
DA:63,8
DA:64,0
DA:77,8
DA:78,56
DA:97,8
DA:109,1
DA:112,1
DA:113,1
LF:45
LH:44
BRDA:23,1,0,0
BRDA:23,1,1,4
BRDA:23,2,0,4
BRDA:23,2,1,4
BRDA:25,3,0,0
BRDA:25,3,1,5
BRDA:25,4,0,5
BRDA:25,4,1,5
BRDA:25,4,2,0
BRDA:27,5,0,0
BRDA:27,5,1,8
BRDA:29,6,0,0
BRDA:29,6,1,8
BRDA:29,7,0,0
BRDA:29,7,1,8
BRDA:29,8,0,8
BRDA:29,8,1,0
BRDA:29,8,2,0
BRDA:31,9,0,0
BRDA:31,9,1,1
BRDA:31,10,0,1
BRDA:31,10,1,0
BRDA:31,11,0,1
BRDA:31,11,1,1
BRDA:31,12,0,1
BRDA:31,12,1,0
BRDA:31,13,0,0
BRDA:31,13,1,1
BRDA:56,14,0,16
BRDA:56,14,1,40
BRDA:56,15,0,56
BRDA:56,15,1,48
BRDA:63,16,0,0
BRDA:63,16,1,8
BRF:34
BRH:21
end_of_record
TN:
SF:/Users/ens/pwd/uxcore/uxcore-calendar/src/date/DateConstants.js
FNF:0
FNH:0
DA:3,1
DA:6,1
DA:10,1
LF:3
LH:3
BRF:0
BRH:0
end_of_record
TN:
SF:/Users/ens/pwd/uxcore/uxcore-calendar/src/date/DateTBody.jsx
FN:29,_interopRequireDefault
FN:33,isSameDay
FN:37,beforeCurrentMonthYear
FN:44,afterCurrentMonthYear
FN:51,getIdFromDate
FN:67,getDefaultProps
FN:72,render
FNF:7
FNH:7
FNDA:5,_interopRequireDefault
FNDA:1008,isSameDay
FNDA:336,beforeCurrentMonthYear
FNDA:336,afterCurrentMonthYear
FNDA:336,getIdFromDate
FNDA:1,getDefaultProps
FNDA:8,render
DA:3,1
DA:7,1
DA:9,1
DA:11,1
DA:13,1
DA:15,1
DA:17,1
DA:19,1
DA:21,1
DA:23,1
DA:25,1
DA:27,1
DA:29,5
DA:33,1
DA:34,1008
DA:37,1
DA:38,336
DA:39,8
DA:41,328
DA:44,1
DA:45,336
DA:46,0
DA:48,336
DA:51,1
DA:52,336
DA:55,1
DA:68,1
DA:73,8
DA:74,8
DA:83,8
DA:84,8
DA:85,8
DA:86,8
DA:87,8
DA:88,8
DA:89,8
DA:90,8
DA:91,8
DA:92,8
DA:93,8
DA:94,8
DA:95,8
DA:96,8
DA:97,8
DA:98,8
DA:99,8
DA:100,8
DA:101,8
DA:102,8
DA:103,8
DA:105,8
DA:106,8
DA:107,8
DA:108,8
DA:109,48
DA:110,336
DA:111,336
DA:112,328
DA:113,328
DA:115,336
DA:116,336
DA:119,8
DA:120,8
DA:122,8
DA:123,48
DA:124,48
DA:125,48
DA:126,0
DA:136,48
DA:137,336
DA:138,336
DA:139,336
DA:140,336
DA:141,288
DA:143,336
DA:144,288
DA:146,336
DA:147,336
DA:148,336
DA:150,336
DA:151,4
DA:154,336
DA:155,336
DA:157,336
DA:158,0
DA:159,0
DA:160,0
DA:161,0
DA:162,0
DA:163,0
DA:164,0
DA:167,0
DA:168,0
DA:169,0
DA:170,0
DA:171,0
DA:175,336
DA:177,8
DA:180,336
DA:181,4
DA:184,336
DA:185,28
DA:187,336
DA:188,64
DA:191,336
DA:192,336
DA:193,52
DA:195,52
DA:196,8
DA:199,52
DA:200,8
DA:205,336
DA:206,8
DA:209,336
DA:210,52
DA:213,336
DA:214,336
DA:215,0
DA:217,336
DA:218,336
DA:219,336
DA:233,336
DA:246,336
DA:248,48
DA:258,8
DA:266,1
DA:267,1
LF:127
LH:112
BRDA:29,1,0,0
BRDA:29,1,1,5
BRDA:29,2,0,5
BRDA:29,2,1,5
BRDA:34,3,0,1008
BRDA:34,3,1,1008
BRDA:34,3,2,840
BRDA:38,4,0,8
BRDA:38,4,1,328
BRDA:41,5,0,328
BRDA:41,5,1,328
BRDA:45,6,0,0
BRDA:45,6,1,336
BRDA:48,7,0,336
BRDA:48,7,1,328
BRDA:111,8,0,328
BRDA:111,8,1,8
BRDA:125,9,0,0
BRDA:125,9,1,48
BRDA:140,10,0,288
BRDA:140,10,1,48
BRDA:143,11,0,288
BRDA:143,11,1,48
BRDA:150,12,0,4
BRDA:150,12,1,332
BRDA:157,13,0,0
BRDA:157,13,1,336
BRDA:157,14,0,336
BRDA:157,14,1,168
BRDA:158,15,0,0
BRDA:158,15,1,0
BRDA:159,16,0,0
BRDA:159,16,1,0
BRDA:159,17,0,0
BRDA:159,17,1,0
BRDA:162,18,0,0
BRDA:162,18,1,0
BRDA:163,19,0,0
BRDA:163,19,1,0
BRDA:167,20,0,0
BRDA:167,20,1,0
BRDA:167,21,0,0
BRDA:167,21,1,0
BRDA:168,22,0,0
BRDA:168,22,1,0
BRDA:170,23,0,0
BRDA:170,23,1,0
BRDA:170,24,0,0
BRDA:170,24,1,0
BRDA:175,25,0,8
BRDA:175,25,1,328
BRDA:180,26,0,4
BRDA:180,26,1,332
BRDA:184,27,0,28
BRDA:184,27,1,308
BRDA:187,28,0,64
BRDA:187,28,1,272
BRDA:191,29,0,336
BRDA:191,29,1,0
BRDA:192,30,0,52
BRDA:192,30,1,284
BRDA:195,31,0,8
BRDA:195,31,1,44
BRDA:195,32,0,52
BRDA:195,32,1,46
BRDA:199,33,0,8
BRDA:199,33,1,44
BRDA:199,34,0,52
BRDA:199,34,1,44
BRDA:205,35,0,8
BRDA:205,35,1,328
BRDA:209,36,0,52
BRDA:209,36,1,284
BRDA:214,37,0,0
BRDA:214,37,1,336
BRDA:217,38,0,336
BRDA:217,38,1,0
BRDA:224,39,0,336
BRDA:224,39,1,288
BRDA:237,40,0,52
BRDA:237,40,1,284
BRDA:238,41,0,52
BRDA:238,41,1,284
BRDA:238,42,0,284
BRDA:238,42,1,0
BRDA:238,42,2,284
BRF:86
BRH:58
end_of_record
TN:
SF:/Users/ens/pwd/uxcore/uxcore-calendar/src/RangeCalendar.jsx
FN:7,(anonymous_1)
FN:49,_interopRequireDefault
FN:51,_defaults
FN:53,_defineProperty
FN:55,_classCallCheck
FN:57,_possibleConstructorReturn
FN:59,_inherits
FN:72,(anonymous_8)
FN:75,Calendar
FN:86,componentWillMount
FN:92,getTriggerNode
FN:96,getDate
FN:104,(anonymous_13)
FN:108,(anonymous_14)
FN:115,getFormat
FN:139,clearValue
FN:144,saveRef
FN:146,(anonymous_18)
FN:151,handleChange
FN:155,(anonymous_20)
FN:158,(anonymous_21)
FN:167,render
FN:177,contentRender
FN:186,disabledDate
FN:194,disabledTime
FN:260,(anonymous_26)
FN:266,(anonymous_27)
FN:298,onSelect
FNF:28
FNH:5
FNDA:2,(anonymous_1)
FNDA:10,_interopRequireDefault
FNDA:1,_defaults
FNDA:0,_defineProperty
FNDA:0,_classCallCheck
FNDA:0,_possibleConstructorReturn
FNDA:1,_inherits
FNDA:1,(anonymous_8)
FNDA:0,Calendar
FNDA:0,componentWillMount
FNDA:0,getTriggerNode
FNDA:0,getDate
FNDA:0,(anonymous_13)
FNDA:0,(anonymous_14)
FNDA:0,getFormat
FNDA:0,clearValue
FNDA:0,saveRef
FNDA:0,(anonymous_18)
FNDA:0,handleChange
FNDA:0,(anonymous_20)
FNDA:0,(anonymous_21)
FNDA:0,render
FNDA:0,contentRender
FNDA:0,disabledDate
FNDA:0,disabledTime
FNDA:0,(anonymous_26)
FNDA:0,(anonymous_27)
FNDA:0,onSelect
DA:3,1
DA:7,57
DA:9,1
DA:11,1
DA:13,1
DA:15,1
DA:17,1
DA:19,1
DA:21,1
DA:23,1
DA:25,1
DA:27,1
DA:29,1
DA:31,1
DA:33,1
DA:35,1
DA:37,1
DA:39,1
DA:41,1
DA:43,1
DA:45,1
DA:47,1
DA:49,10
DA:51,5
DA:53,1
DA:55,1
DA:57,1
DA:59,1
DA:61,1
DA:63,1
DA:64,1
DA:66,1
DA:67,1
DA:69,1
DA:72,1
DA:73,1
DA:75,1
DA:76,0
DA:78,0
DA:80,0
DA:81,0
DA:82,0
DA:83,0
DA:86,1
DA:87,0
DA:89,0
DA:92,1
DA:93,0
DA:96,1
DA:97,0
DA:99,0
DA:100,0
DA:104,0
DA:105,0
DA:107,0
DA:108,0
DA:109,0
DA:112,0
DA:115,1
DA:116,0
DA:121,0
DA:122,0
DA:136,0
DA:139,1
DA:140,0
DA:141,0
DA:144,1
DA:145,0
DA:146,0
DA:147,0
DA:151,1
DA:152,0
DA:154,0
DA:155,0
DA:156,0
DA:158,0
DA:159,0
DA:161,0
DA:163,0
DA:167,1
DA:168,0
DA:171,0
DA:172,0
DA:173,0
DA:174,0
DA:178,0
DA:179,0
DA:180,0
DA:181,0
DA:182,0
DA:184,0
DA:187,0
DA:188,0
DA:189,0
DA:190,0
DA:192,0
DA:195,0
DA:196,0
DA:197,0
DA:198,0
DA:200,0
DA:212,0
DA:223,0
DA:224,0
DA:225,0
DA:227,0
DA:230,0
DA:231,0
DA:232,0
DA:233,0
DA:235,0
DA:236,0
DA:237,0
DA:239,0
DA:240,0
DA:243,0
DA:245,0
DA:246,0
DA:247,0
DA:250,0
DA:252,0
DA:254,0
DA:261,0
DA:263,0
DA:264,0
DA:265,0
DA:266,0
DA:267,0
DA:270,0
DA:272,0
DA:292,1
DA:295,1
DA:296,1
DA:311,1
DA:325,1
DA:326,1
LF:136
LH:51
BRDA:7,1,0,1
BRDA:7,1,1,1
BRDA:7,2,0,57
BRDA:7,2,1,0
BRDA:49,3,0,0
BRDA:49,3,1,10
BRDA:49,4,0,10
BRDA:49,4,1,10
BRDA:51,5,0,0
BRDA:51,5,1,5
BRDA:51,6,0,5
BRDA:51,6,1,5
BRDA:51,6,2,0
BRDA:53,7,0,0
BRDA:53,7,1,0
BRDA:55,8,0,0
BRDA:55,8,1,0
BRDA:57,9,0,0
BRDA:57,9,1,0
BRDA:57,10,0,0
BRDA:57,10,1,0
BRDA:57,11,0,0
BRDA:57,11,1,0
BRDA:57,11,2,0
BRDA:59,12,0,0
BRDA:59,12,1,1
BRDA:59,13,0,1
BRDA:59,13,1,0
BRDA:59,14,0,1
BRDA:59,14,1,1
BRDA:59,15,0,1
BRDA:59,15,1,0
BRDA:59,16,0,0
BRDA:59,16,1,1
BRDA:97,17,0,0
BRDA:97,17,1,0
BRDA:97,18,0,0
BRDA:97,18,1,0
BRDA:107,19,0,0
BRDA:107,19,1,0
BRDA:121,20,0,0
BRDA:121,20,1,0
BRDA:136,21,0,0
BRDA:136,21,1,0
BRDA:154,22,0,0
BRDA:154,22,1,0
BRDA:178,23,0,0
BRDA:178,23,1,0
BRDA:187,24,0,0
BRDA:187,24,1,0
BRDA:187,25,0,0
BRDA:187,25,1,0
BRDA:195,26,0,0
BRDA:195,26,1,0
BRDA:195,27,0,0
BRDA:195,27,1,0
BRDA:207,28,0,0
BRDA:207,28,1,0
BRDA:207,29,0,0
BRDA:207,29,1,0
BRDA:220,30,0,0
BRDA:220,30,1,0
BRDA:223,31,0,0
BRDA:223,31,1,0
BRDA:230,32,0,0
BRDA:230,32,1,0
BRDA:239,33,0,0
BRDA:239,33,1,0
BRDA:246,34,0,0
BRDA:246,34,1,0
BRDA:263,35,0,0
BRDA:263,35,1,0
BRDA:263,36,0,0
BRDA:263,36,1,0
BRDA:265,37,0,0
BRDA:265,37,1,0
BRDA:282,38,0,0
BRDA:282,38,1,0
BRDA:282,39,0,0
BRDA:282,39,1,0
BRDA:283,40,0,0
BRDA:283,40,1,0
BRF:82
BRH:15
end_of_record
TN:
SF:/Users/ens/pwd/uxcore/uxcore-calendar/src/RcRangeCalendar.jsx
FN:7,(anonymous_1)
FN:9,(anonymous_2)
FN:9,sliceIterator
FN:9,(anonymous_4)
FN:41,_interopRequireDefault
FN:43,_defineProperty
FN:45,noop
FN:47,getNow
FN:51,onValueChange
FN:59,normalizeAnchor
FN:72,generateOptions
FN:80,onInputSelect
FN:120,getDefaultProps
FN:129,getInitialState
FN:140,componentWillReceiveProps
FN:155,onDatePanelEnter
FN:162,onDatePanelLeave
FN:169,onSelect
FN:204,onDayHover
FN:237,onToday
FN:242,onOpenTimePicker
FN:247,onCloseTimePicker
FN:252,onOk
FN:259,onStartInputSelect
FN:267,onEndInputSelect
FN:275,onStartValueChange
FN:283,onEndValueChange
FN:291,getStartValue
FN:304,getEndValue
FN:319,getEndDisableTime
FN:335,disabledHours
FN:338,disabledMinutes
FN:344,disabledSeconds
FN:354,isAllowedDateAndTime
FN:357,hasSelectedValue
FN:362,compare
FN:368,fireSelectValueChange
FN:396,fireValueChange
FN:405,clear
FN:409,disabledStartTime
FN:412,disabledEndTime
FN:415,render
FN:464,ref
FNF:43
FNH:3
FNDA:0,(anonymous_1)
FNDA:1,(anonymous_2)
FNDA:0,sliceIterator
FNDA:0,(anonymous_4)
FNDA:7,_interopRequireDefault
FNDA:0,_defineProperty
FNDA:0,noop
FNDA:0,getNow
FNDA:0,onValueChange
FNDA:0,normalizeAnchor
FNDA:0,generateOptions
FNDA:0,onInputSelect
FNDA:1,getDefaultProps
FNDA:0,getInitialState
FNDA:0,componentWillReceiveProps
FNDA:0,onDatePanelEnter
FNDA:0,onDatePanelLeave
FNDA:0,onSelect
FNDA:0,onDayHover
FNDA:0,onToday
FNDA:0,onOpenTimePicker
FNDA:0,onCloseTimePicker
FNDA:0,onOk
FNDA:0,onStartInputSelect
FNDA:0,onEndInputSelect
FNDA:0,onStartValueChange
FNDA:0,onEndValueChange
FNDA:0,getStartValue
FNDA:0,getEndValue
FNDA:0,getEndDisableTime
FNDA:0,disabledHours
FNDA:0,disabledMinutes
FNDA:0,disabledSeconds
FNDA:0,isAllowedDateAndTime
FNDA:0,hasSelectedValue
FNDA:0,compare
FNDA:0,fireSelectValueChange
FNDA:0,fireValueChange
FNDA:0,clear
FNDA:0,disabledStartTime
FNDA:0,disabledEndTime
FNDA:0,render
FNDA:0,ref
DA:3,1
DA:7,1
DA:9,1
DA:11,1
DA:13,1
DA:15,1
DA:17,1
DA:19,1
DA:21,1
DA:23,1
DA:25,1
DA:27,1
DA:29,1
DA:31,1
DA:33,1
DA:35,1
DA:37,1
DA:39,1
DA:41,7
DA:43,1
DA:45,1
DA:47,1
DA:48,0
DA:51,1
DA:52,0
DA:53,0
DA:54,0
DA:56,0
DA:59,1
DA:60,0
DA:61,0
DA:62,0
DA:63,0
DA:65,0
DA:66,0
DA:67,0
DA:69,0
DA:72,1
DA:73,0
DA:74,0
DA:75,0
DA:77,0
DA:80,1
DA:81,0
DA:82,0
DA:84,0
DA:85,0
DA:86,0
DA:87,0
DA:88,0
DA:89,0
DA:91,0
DA:94,1
DA:121,1
DA:130,0
DA:131,0
DA:132,0
DA:133,0
DA:141,0
DA:142,0
DA:143,0
DA:144,0
DA:146,0
DA:148,0
DA:150,0
DA:151,0
DA:152,0
DA:156,0
DA:157,0
DA:163,0
DA:164,0
DA:170,0
DA:174,0
DA:175,0
DA:177,0
DA:178,0
DA:179,0
DA:180,0
DA:181,0
DA:182,0
DA:183,0
DA:184,0
DA:186,0
DA:188,0
DA:190,0
DA:191,0
DA:192,0
DA:193,0
DA:195,0
DA:196,0
DA:200,0
DA:201,0
DA:205,0
DA:206,0
DA:207,0
DA:209,0
DA:210,0
DA:211,0
DA:213,0
DA:215,0
DA:218,0
DA:219,0
DA:220,0
DA:222,0
DA:224,0
DA:228,0
DA:229,0
DA:231,0
DA:232,0
DA:238,0
DA:243,0
DA:248,0
DA:253,0
DA:255,0
DA:256,0
DA:260,0
DA:261,0
DA:264,0
DA:265,0
DA:268,0
DA:269,0
DA:272,0
DA:273,0
DA:276,0
DA:277,0
DA:280,0
DA:281,0
DA:284,0
DA:285,0
DA:288,0
DA:289,0
DA:292,0
DA:293,0
DA:295,0
DA:296,0
DA:297,0
DA:299,0
DA:300,0
DA:302,0
DA:305,0
DA:306,0
DA:307,0
DA:309,0
DA:310,0
DA:312,0
DA:313,0
DA:315,0
DA:320,0
DA:324,0
DA:327,0
DA:328,0
DA:329,0
DA:330,0
DA:331,0
DA:332,0
DA:333,0
DA:334,0
DA:336,0
DA:339,0
DA:340,0
DA:342,0
DA:345,0
DA:346,0
DA:348,0
DA:352,0
DA:355,0
DA:358,0
DA:360,0
DA:363,0
DA:364,0
DA:366,0
DA:369,0
DA:370,0
DA:376,0
DA:377,0
DA:383,0
DA:384,0
DA:388,0
DA:389,0
DA:390,0
DA:393,0
DA:397,0
DA:398,0
DA:399,0
DA:403,0
DA:406,0
DA:407,0
DA:410,0
DA:413,0
DA:416,0
DA:420,0
DA:421,0
DA:422,0
DA:423,0
DA:431,0
DA:434,0
DA:435,0
DA:436,0
DA:442,0
DA:443,0
DA:445,0
DA:446,0
DA:447,0
DA:449,0
DA:450,0
DA:452,0
DA:455,0
DA:456,0
DA:458,0
DA:459,0
DA:461,0
DA:465,0
DA:525,1
DA:526,1
LF:214
LH:30
BRDA:7,1,0,1
BRDA:7,1,1,1
BRDA:7,2,0,0
BRDA:7,2,1,0
BRDA:9,3,0,0
BRDA:9,3,1,0
BRDA:9,4,0,0
BRDA:9,4,1,0
BRDA:9,5,0,0
BRDA:9,5,1,0
BRDA:9,6,0,0
BRDA:9,6,1,0
BRDA:9,7,0,0
BRDA:9,7,1,0
BRDA:9,8,0,0
BRDA:9,8,1,0
BRDA:9,9,0,0
BRDA:9,9,1,0
BRDA:41,10,0,0
BRDA:41,10,1,7
BRDA:41,11,0,7
BRDA:41,11,1,7
BRDA:43,12,0,0
BRDA:43,12,1,0
BRDA:53,13,0,0
BRDA:53,13,1,0
BRDA:60,14,0,0
BRDA:60,14,1,0
BRDA:60,14,2,0
BRDA:60,14,3,0
BRDA:62,15,0,0
BRDA:62,15,1,0
BRDA:66,16,0,0
BRDA:66,16,1,0
BRDA:69,17,0,0
BRDA:69,17,1,0
BRDA:69,17,2,0
BRDA:69,17,3,0
BRDA:69,17,4,0
BRDA:69,17,5,0
BRDA:81,18,0,0
BRDA:81,18,1,0
BRDA:86,19,0,0
BRDA:86,19,1,0
BRDA:88,20,0,0
BRDA:88,20,1,0
BRDA:88,21,0,0
BRDA:88,21,1,0
BRDA:89,22,0,0
BRDA:89,22,1,0
BRDA:131,23,0,0
BRDA:131,23,1,0
BRDA:142,24,0,0
BRDA:142,24,1,0
BRDA:143,25,0,0
BRDA:143,25,1,0
BRDA:150,26,0,0
BRDA:150,26,1,0
BRDA:156,27,0,0
BRDA:156,27,1,0
BRDA:163,28,0,0
BRDA:163,28,1,0
BRDA:178,29,0,0
BRDA:178,29,1,0
BRDA:178,30,0,0
BRDA:178,30,1,0
BRDA:178,30,2,0
BRDA:181,31,0,0
BRDA:181,31,1,0
BRDA:183,32,0,0
BRDA:183,32,1,0
BRDA:183,33,0,0
BRDA:183,33,1,0
BRDA:190,34,0,0
BRDA:190,34,1,0
BRDA:191,35,0,0
BRDA:191,35,1,0
BRDA:191,36,0,0
BRDA:191,36,1,0
BRDA:200,37,0,0
BRDA:200,37,1,0
BRDA:209,38,0,0
BRDA:209,38,1,0
BRDA:209,39,0,0
BRDA:209,39,1,0
BRDA:210,40,0,0
BRDA:210,40,1,0
BRDA:218,41,0,0
BRDA:218,41,1,0
BRDA:218,42,0,0
BRDA:218,42,1,0
BRDA:219,43,0,0
BRDA:219,43,1,0
BRDA:228,44,0,0
BRDA:228,44,1,0
BRDA:228,45,0,0
BRDA:228,45,1,0
BRDA:255,46,0,0
BRDA:255,46,1,0
BRDA:295,47,0,0
BRDA:295,47,1,0
BRDA:295,48,0,0
BRDA:295,48,1,0
BRDA:299,49,0,0
BRDA:299,49,1,0
BRDA:299,50,0,0
BRDA:299,50,1,0
BRDA:309,51,0,0
BRDA:309,51,1,0
BRDA:309,52,0,0
BRDA:309,52,1,0
BRDA:312,53,0,0
BRDA:312,53,1,0
BRDA:313,54,0,0
BRDA:313,54,1,0
BRDA:324,55,0,0
BRDA:324,55,1,0
BRDA:324,55,2,0
BRDA:327,56,0,0
BRDA:327,56,1,0
BRDA:327,57,0,0
BRDA:327,57,1,0
BRDA:339,58,0,0
BRDA:339,58,1,0
BRDA:345,59,0,0
BRDA:345,59,1,0
BRDA:345,60,0,0
BRDA:345,60,1,0
BRDA:355,61,0,0
BRDA:355,61,1,0
BRDA:360,62,0,0
BRDA:360,62,1,0
BRDA:363,63,0,0
BRDA:363,63,1,0
BRDA:369,64,0,0
BRDA:369,64,1,0
BRDA:376,65,0,0
BRDA:376,65,1,0
BRDA:376,66,0,0
BRDA:376,66,1,0
BRDA:379,67,0,0
BRDA:379,67,1,0
BRDA:383,68,0,0
BRDA:383,68,1,0
BRDA:383,69,0,0
BRDA:383,69,1,0
BRDA:389,70,0,0
BRDA:389,70,1,0
BRDA:389,71,0,0
BRDA:389,71,1,0
BRDA:389,71,2,0
BRDA:398,72,0,0
BRDA:398,72,1,0
BRDA:439,73,0,0
BRDA:439,73,1,0
BRDA:439,74,0,0
BRDA:439,74,1,0
BRDA:439,74,2,0
BRDA:439,74,3,0
BRDA:439,74,4,0
BRDA:445,75,0,0
BRDA:445,75,1,0
BRDA:446,76,0,0
BRDA:446,76,1,0
BRDA:455,77,0,0
BRDA:455,77,1,0
BRDA:455,77,2,0
BRDA:475,78,0,0
BRDA:475,78,1,0
BRDA:475,79,0,0
BRDA:475,79,1,0
BRDA:475,79,2,0
BRDA:485,80,0,0
BRDA:485,80,1,0
BRDA:486,81,0,0
BRDA:486,81,1,0
BRDA:518,82,0,0
BRDA:518,82,1,0
BRDA:518,83,0,0
BRDA:518,83,1,0
BRDA:518,83,2,0
BRF:181
BRH:5
end_of_record
TN:
SF:/Users/ens/pwd/uxcore/uxcore-calendar/src/RcRangeCalendarItem.jsx
FN:7,(anonymous_1)
FN:35,_interopRequireDefault
FN:54,render
FNF:3
FNH:1
FNDA:0,(anonymous_1)
FNDA:6,_interopRequireDefault
FNDA:0,render
DA:3,1
DA:7,1
DA:9,1
DA:11,1
DA:13,1
DA:15,1
DA:17,1
DA:19,1
DA:21,1
DA:23,1
DA:25,1
DA:27,1
DA:29,1
DA:31,1
DA:33,1
DA:35,6
DA:37,1
DA:55,0
DA:56,0
DA:71,0
DA:72,0
DA:73,0
DA:79,0
DA:80,0
DA:89,0
DA:140,1
DA:141,1
LF:27
LH:19
BRDA:7,1,0,1
BRDA:7,1,1,1
BRDA:7,2,0,0
BRDA:7,2,1,0
BRDA:35,3,0,0
BRDA:35,3,1,6
BRDA:35,4,0,6
BRDA:35,4,1,6
BRDA:71,5,0,0
BRDA:71,5,1,0
BRDA:71,6,0,0
BRDA:71,6,1,0
BRDA:71,6,2,0
BRDA:79,7,0,0
BRDA:79,7,1,0
BRDA:80,8,0,0
BRDA:80,8,1,0
BRDA:80,8,2,0
BRDA:113,9,0,0
BRDA:113,9,1,0
BRF:20
BRH:5
end_of_record
TN:
SF:/Users/ens/pwd/uxcore/uxcore-calendar/src/timePicker/Pmam.jsx
FN:19,_interopRequireDefault
FN:21,_defaults
FN:23,_defineProperty
FN:25,_classCallCheck
FN:27,_possibleConstructorReturn
FN:29,_inherits
FN:31,(anonymous_7)
FN:34,Pmam
FN:40,handleClick
FN:52,render
FN:75,(anonymous_11)
FNF:11
FNH:4
FNDA:3,_interopRequireDefault
FNDA:1,_defaults
FNDA:0,_defineProperty
FNDA:0,_classCallCheck
FNDA:0,_possibleConstructorReturn
FNDA:1,_inherits
FNDA:1,(anonymous_7)
FNDA:0,Pmam
FNDA:0,handleClick
FNDA:0,render
FNDA:0,(anonymous_11)
DA:3,1
DA:7,1
DA:9,1
DA:11,1
DA:13,1
DA:15,1
DA:17,1
DA:19,3
DA:21,5
DA:23,1
DA:25,1
DA:27,1
DA:29,1
DA:31,1
DA:32,1
DA:34,1
DA:35,0
DA:37,0
DA:40,1
DA:41,0
DA:43,0
DA:44,0
DA:48,0
DA:49,0
DA:52,1
DA:53,0
DA:55,0
DA:60,0
DA:61,0
DA:62,0
DA:76,0
DA:90,1
DA:93,1
DA:100,1
DA:104,1
DA:106,1
DA:107,1
LF:37
LH:24
BRDA:19,1,0,0
BRDA:19,1,1,3
BRDA:19,2,0,3
BRDA:19,2,1,3
BRDA:21,3,0,0
BRDA:21,3,1,5
BRDA:21,4,0,5
BRDA:21,4,1,5
BRDA:21,4,2,0
BRDA:23,5,0,0
BRDA:23,5,1,0
BRDA:25,6,0,0
BRDA:25,6,1,0
BRDA:27,7,0,0
BRDA:27,7,1,0
BRDA:27,8,0,0
BRDA:27,8,1,0
BRDA:27,9,0,0
BRDA:27,9,1,0
BRDA:27,9,2,0
BRDA:29,10,0,0
BRDA:29,10,1,1
BRDA:29,11,0,1
BRDA:29,11,1,0
BRDA:29,12,0,1
BRDA:29,12,1,1
BRDA:29,13,0,1
BRDA:29,13,1,0
BRDA:29,14,0,0
BRDA:29,14,1,1
BRDA:61,15,0,0
BRDA:61,15,1,0
BRF:32
BRH:12
end_of_record
